2017-03-16T02:29:00.826Z - normal: Load ~/.CocosCreator/settings.json
2017-03-16T02:29:00.833Z - normal: checking language setting...
2017-03-16T02:29:00.834Z - normal: Language: zh
2017-03-16T02:29:01.949Z - success: protocol editor-framework registered
2017-03-16T02:29:01.949Z - success: protocol app registered
2017-03-16T02:29:01.949Z - success: protocol packages registered
2017-03-16T02:29:01.949Z - success: protocol theme registered
2017-03-16T02:29:01.950Z - success: protocol unpack registerred
2017-03-16T02:29:02.533Z - normal: connected!
2017-03-16T02:29:02.541Z - normal: Check project E:\cocos_proj\horse_racing2
2017-03-16T02:29:02.547Z - normal: Initializing Cocos Creator Editor
2017-03-16T02:29:03.629Z - normal: Initializing Cocos2d
2017-03-16T02:29:04.969Z - normal: Initializing Asset Database
2017-03-16T02:29:05.032Z - success: protocol uuid registerred
2017-03-16T02:29:05.032Z - success: protocol db registerred
2017-03-16T02:29:05.032Z - success: protocol thumbnail registerred
2017-03-16T02:29:05.032Z - normal: Loading editor/builtin packages
2017-03-16T02:29:05.226Z - success: assets loaded
2017-03-16T02:29:05.229Z - success: builder loaded
2017-03-16T02:29:05.233Z - success: hierarchy loaded
2017-03-16T02:29:05.236Z - success: inspector loaded
2017-03-16T02:29:05.238Z - success: keystore loaded
2017-03-16T02:29:05.242Z - success: node-library loaded
2017-03-16T02:29:05.249Z - success: preferences loaded
2017-03-16T02:29:05.276Z - success: project-importer loaded
2017-03-16T02:29:05.279Z - success: project-settings loaded
2017-03-16T02:29:05.282Z - success: ui-kit loaded
2017-03-16T02:29:05.290Z - success: ui-grid loaded
2017-03-16T02:29:05.295Z - success: scene loaded
2017-03-16T02:29:05.304Z - success: sprite-editor loaded
2017-03-16T02:29:05.311Z - success: timeline loaded
2017-03-16T02:29:05.311Z - normal: Loading builtin packages
2017-03-16T02:29:05.325Z - success: asset-db-debugger loaded
2017-03-16T02:29:05.327Z - success: code-editor loaded
2017-03-16T02:29:05.328Z - success: color-picker loaded
2017-03-16T02:29:05.332Z - success: console loaded
2017-03-16T02:29:05.334Z - success: package-manager loaded
2017-03-16T02:29:05.337Z - success: tester loaded
2017-03-16T02:29:05.339Z - success: ui-kit-preview-extra loaded
2017-03-16T02:29:05.341Z - success: ui-kit-preview loaded
2017-03-16T02:29:05.342Z - success: ui-tree loaded
2017-03-16T02:29:05.467Z - normal: Initializing project E:\cocos_proj\horse_racing2
2017-03-16T02:29:05.474Z - normal: Loading packages
2017-03-16T02:29:05.479Z - normal: Watching packages
2017-03-16T02:29:05.534Z - normal: Run Application
2017-03-16T02:29:06.883Z - success: preview server running at http://localhost:7456
2017-03-16T02:29:13.056Z - normal: 1.3.3
